[debug] [2020-11-01T17:13:23.783Z] ----------------------------------------------------------------------
[debug] [2020-11-01T17:13:23.786Z] Command:       /Users/yilingcui/.nvm/versions/node/v10.15.0/bin/node /Users/yilingcui/.nvm/versions/node/v10.15.0/bin/firebase init
[debug] [2020-11-01T17:13:23.786Z] CLI Version:   8.14.1
[debug] [2020-11-01T17:13:23.786Z] Platform:      darwin
[debug] [2020-11-01T17:13:23.786Z] Node Version:  v10.15.0
[debug] [2020-11-01T17:13:23.787Z] Time:          Sun Nov 01 2020 12:13:23 GMT-0500 (Eastern Standard Time)
[debug] [2020-11-01T17:13:23.787Z] ----------------------------------------------------------------------
[debug] [2020-11-01T17:13:23.788Z] 
[debug] [2020-11-01T17:13:23.800Z] > command requires scopes: ["email","openid","https://www.googleapis.com/auth/cloudplatformprojects.readonly","https://www.googleapis.com/auth/firebase","https://www.googleapis.com/auth/cloud-platform"]
[debug] [2020-11-01T17:13:23.800Z] > authorizing via signed-in user
[info] 
     ######## #### ########  ######## ########     ###     ######  ########
     ##        ##  ##     ## ##       ##     ##  ##   ##  ##       ##
     ######    ##  ########  ######   ########  #########  ######  ######
     ##        ##  ##    ##  ##       ##     ## ##     ##       ## ##
     ##       #### ##     ## ######## ########  ##     ##  ######  ########

You're about to initialize a Firebase project in this directory:

  /Users/yilingcui/Desktop/REACT FIREBASE TODO APP/todo_app

[info] 
=== Project Setup
[info] 
[info] First, let's associate this project directory with a Firebase project.
[info] You can create multiple project aliases by running firebase use --add, 
[info] but for now we'll just set up a default project.
[info] 
[debug] [2020-11-01T17:15:17.583Z] > refreshing access token with scopes: ["email","https://www.googleapis.com/auth/cloud-platform","https://www.googleapis.com/auth/cloudplatformprojects.readonly","https://www.googleapis.com/auth/firebase","openid"]
[debug] [2020-11-01T17:15:17.584Z] >>> HTTP REQUEST POST https://www.googleapis.com/oauth2/v3/token  
 <request body omitted>
[debug] [2020-11-01T17:15:17.703Z] <<< HTTP RESPONSE 200 {"expires":"Mon, 01 Jan 1990 00:00:00 GMT","pragma":"no-cache","cache-control":"no-cache, no-store, max-age=0, must-revalidate","date":"Sun, 01 Nov 2020 17:15:17 GMT","content-type":"application/json; charset=utf-8","vary":"X-Origin, Referer, Origin,Accept-Encoding","server":"scaffolding on HTTPServer2","x-xss-protection":"0","x-frame-options":"SAMEORIGIN","x-content-type-options":"nosniff","alt-svc":"h3-Q050=\":443\"; ma=2592000,h3-29=\":443\"; ma=2592000,h3-T051=\":443\"; ma=2592000,h3-T050=\":443\"; ma=2592000,h3-Q046=\":443\"; ma=2592000,h3-Q043=\":443\"; ma=2592000,quic=\":443\"; ma=2592000; v=\"46,43\"","accept-ranges":"none","transfer-encoding":"chunked"}
[debug] [2020-11-01T17:15:17.728Z] >>> HTTP REQUEST GET https://firebase.googleapis.com/v1beta1/projects?pageSize=100  
 
[debug] [2020-11-01T17:15:17.980Z] <<< HTTP RESPONSE 200 {"content-type":"application/json; charset=UTF-8","vary":"X-Origin, Referer, Origin,Accept-Encoding","date":"Sun, 01 Nov 2020 17:15:17 GMT","server":"ESF","cache-control":"private","x-xss-protection":"0","x-frame-options":"SAMEORIGIN","x-content-type-options":"nosniff","alt-svc":"h3-Q050=\":443\"; ma=2592000,h3-29=\":443\"; ma=2592000,h3-T051=\":443\"; ma=2592000,h3-T050=\":443\"; ma=2592000,h3-Q046=\":443\"; ma=2592000,h3-Q043=\":443\"; ma=2592000,quic=\":443\"; ma=2592000; v=\"46,43\"","accept-ranges":"none","transfer-encoding":"chunked"}
[info] i  Using project todo-app-cp-b8a74 (todo-app-cp) 
[info] 
=== Database Setup
[info] 
[info] Firebase Realtime Database Rules allow you to define how your data should be
[info] structured and when your data can be read from and written to.
[info] 
[debug] [2020-11-01T17:15:33.372Z] >>> HTTP REQUEST GET https://todo-app-cp-b8a74.firebaseio.com/.settings/rules.json  
 
[debug] [2020-11-01T17:15:33.634Z] <<< HTTP RESPONSE 200 {"server":"nginx","date":"Sun, 01 Nov 2020 17:15:33 GMT","content-type":"application/json; charset=utf-8","content-length":"123","connection":"keep-alive","access-control-allow-origin":"*","cache-control":"no-cache","strict-transport-security":"max-age=31556926; includeSubDomains; preload"}
[info] ✔  Database Rules for todo-app-cp-b8a74 have been downloaded to build. 
[info] Future modifications to build will update Database Rules when you run
[info] firebase deploy.
[info] 
=== Hosting Setup
[info] 
[info] Your public directory is the folder (relative to your project directory) that
[info] will contain Hosting assets to be uploaded with firebase deploy. If you
[info] have a build process for your assets, use your build's output directory.
[info] 
[debug] [2020-11-01T17:17:35.728Z] >>> HTTP REQUEST GET https://www.gstatic.com/firebasejs/releases.json  
 
[debug] [2020-11-01T17:17:35.800Z] <<< HTTP RESPONSE 200 {"accept-ranges":"bytes","vary":"Accept-Encoding, Origin","content-type":"application/json","content-length":"1411","date":"Sun, 01 Nov 2020 16:49:28 GMT","expires":"Sun, 01 Nov 2020 17:39:28 GMT","last-modified":"Mon, 26 Oct 2020 20:17:36 GMT","x-content-type-options":"nosniff","server":"sffe","x-xss-protection":"0","cache-control":"public, max-age=3000","age":"1687","alt-svc":"h3-Q050=\":443\"; ma=2592000,h3-29=\":443\"; ma=2592000,h3-T051=\":443\"; ma=2592000,h3-T050=\":443\"; ma=2592000,h3-Q046=\":443\"; ma=2592000,h3-Q043=\":443\"; ma=2592000,quic=\":443\"; ma=2592000; v=\"46,43\""}
[debug] [2020-11-01T17:17:35.885Z] Error: ENOTDIR: not a directory, open '/Users/yilingcui/Desktop/REACT FIREBASE TODO APP/todo_app/build/index.html'
    at Object.openSync (fs.js:439:3)
    at Object.writeFileSync (fs.js:1190:35)
    at Object.createFileSync (/Users/yilingcui/.nvm/versions/node/v10.15.0/lib/node_modules/firebase-tools/node_modules/fs-extra/lib/ensure/file.js:34:6)
    at Config.writeProjectFile (/Users/yilingcui/.nvm/versions/node/v10.15.0/lib/node_modules/firebase-tools/lib/config.js:155:8)
    at /Users/yilingcui/.nvm/versions/node/v10.15.0/lib/node_modules/firebase-tools/lib/config.js:174:18
    at process._tickCallback (internal/process/next_tick.js:68:7)
[error] 
[error] Error: An unexpected error has occurred.
[debug] [2020-11-01T17:19:21.510Z] ----------------------------------------------------------------------
[debug] [2020-11-01T17:19:21.512Z] Command:       /Users/yilingcui/.nvm/versions/node/v10.15.0/bin/node /Users/yilingcui/.nvm/versions/node/v10.15.0/bin/firebase init
[debug] [2020-11-01T17:19:21.513Z] CLI Version:   8.14.1
[debug] [2020-11-01T17:19:21.513Z] Platform:      darwin
[debug] [2020-11-01T17:19:21.513Z] Node Version:  v10.15.0
[debug] [2020-11-01T17:19:21.520Z] Time:          Sun Nov 01 2020 12:19:21 GMT-0500 (Eastern Standard Time)
[debug] [2020-11-01T17:19:21.520Z] ----------------------------------------------------------------------
[debug] [2020-11-01T17:19:21.520Z] 
[debug] [2020-11-01T17:19:21.530Z] > command requires scopes: ["email","openid","https://www.googleapis.com/auth/cloudplatformprojects.readonly","https://www.googleapis.com/auth/firebase","https://www.googleapis.com/auth/cloud-platform"]
[debug] [2020-11-01T17:19:21.530Z] > authorizing via signed-in user
[info] 
     ######## #### ########  ######## ########     ###     ######  ########
     ##        ##  ##     ## ##       ##     ##  ##   ##  ##       ##
     ######    ##  ########  ######   ########  #########  ######  ######
     ##        ##  ##    ##  ##       ##     ## ##     ##       ## ##
     ##       #### ##     ## ######## ########  ##     ##  ######  ########

You're about to initialize a Firebase project in this directory:

  /Users/yilingcui/Desktop/REACT FIREBASE TODO APP/todo_app

[info] 
=== Project Setup
[info] 
[info] First, let's associate this project directory with a Firebase project.
[info] You can create multiple project aliases by running firebase use --add, 
[info] but for now we'll just set up a default project.
[info] 
[debug] [2020-11-01T17:19:30.200Z] >>> HTTP REQUEST GET https://firebase.googleapis.com/v1beta1/projects?pageSize=100  
 
[debug] [2020-11-01T17:19:30.470Z] <<< HTTP RESPONSE 200 {"content-type":"application/json; charset=UTF-8","vary":"X-Origin, Referer, Origin,Accept-Encoding","date":"Sun, 01 Nov 2020 17:19:30 GMT","server":"ESF","cache-control":"private","x-xss-protection":"0","x-frame-options":"SAMEORIGIN","x-content-type-options":"nosniff","alt-svc":"h3-Q050=\":443\"; ma=2592000,h3-29=\":443\"; ma=2592000,h3-T051=\":443\"; ma=2592000,h3-T050=\":443\"; ma=2592000,h3-Q046=\":443\"; ma=2592000,h3-Q043=\":443\"; ma=2592000,quic=\":443\"; ma=2592000; v=\"46,43\"","accept-ranges":"none","transfer-encoding":"chunked"}
[info] i  Using project todo-app-cp-b8a74 (todo-app-cp) 
[info] 
=== Hosting Setup
[info] 
[info] Your public directory is the folder (relative to your project directory) that
[info] will contain Hosting assets to be uploaded with firebase deploy. If you
[info] have a build process for your assets, use your build's output directory.
[info] 
[debug] [2020-11-01T17:21:09.024Z] >>> HTTP REQUEST GET https://www.gstatic.com/firebasejs/releases.json  
 
[debug] [2020-11-01T17:21:09.105Z] <<< HTTP RESPONSE 200 {"accept-ranges":"bytes","vary":"Accept-Encoding, Origin","content-type":"application/json","content-length":"1411","date":"Sun, 01 Nov 2020 17:21:09 GMT","expires":"Sun, 01 Nov 2020 18:11:09 GMT","last-modified":"Mon, 26 Oct 2020 20:17:36 GMT","x-content-type-options":"nosniff","server":"sffe","x-xss-protection":"0","cache-control":"public, max-age=3000","age":"0","alt-svc":"h3-Q050=\":443\"; ma=2592000,h3-29=\":443\"; ma=2592000,h3-T051=\":443\"; ma=2592000,h3-T050=\":443\"; ma=2592000,h3-Q046=\":443\"; ma=2592000,h3-Q043=\":443\"; ma=2592000,quic=\":443\"; ma=2592000; v=\"46,43\""}
[debug] [2020-11-01T17:21:09.207Z] Error: ENOTDIR: not a directory, open '/Users/yilingcui/Desktop/REACT FIREBASE TODO APP/todo_app/build/index.html'
    at Object.openSync (fs.js:439:3)
    at Object.writeFileSync (fs.js:1190:35)
    at Object.createFileSync (/Users/yilingcui/.nvm/versions/node/v10.15.0/lib/node_modules/firebase-tools/node_modules/fs-extra/lib/ensure/file.js:34:6)
    at Config.writeProjectFile (/Users/yilingcui/.nvm/versions/node/v10.15.0/lib/node_modules/firebase-tools/lib/config.js:155:8)
    at /Users/yilingcui/.nvm/versions/node/v10.15.0/lib/node_modules/firebase-tools/lib/config.js:174:18
    at process._tickCallback (internal/process/next_tick.js:68:7)
[error] 
[error] Error: An unexpected error has occurred.
[debug] [2020-11-01T17:24:16.598Z] ----------------------------------------------------------------------
[debug] [2020-11-01T17:24:16.602Z] Command:       /Users/yilingcui/.nvm/versions/node/v10.15.0/bin/node /Users/yilingcui/.nvm/versions/node/v10.15.0/bin/firebase init
[debug] [2020-11-01T17:24:16.603Z] CLI Version:   8.14.1
[debug] [2020-11-01T17:24:16.603Z] Platform:      darwin
[debug] [2020-11-01T17:24:16.603Z] Node Version:  v10.15.0
[debug] [2020-11-01T17:24:16.610Z] Time:          Sun Nov 01 2020 12:24:16 GMT-0500 (Eastern Standard Time)
[debug] [2020-11-01T17:24:16.611Z] ----------------------------------------------------------------------
[debug] [2020-11-01T17:24:16.611Z] 
[debug] [2020-11-01T17:24:16.621Z] > command requires scopes: ["email","openid","https://www.googleapis.com/auth/cloudplatformprojects.readonly","https://www.googleapis.com/auth/firebase","https://www.googleapis.com/auth/cloud-platform"]
[debug] [2020-11-01T17:24:16.622Z] > authorizing via signed-in user
[info] 
     ######## #### ########  ######## ########     ###     ######  ########
     ##        ##  ##     ## ##       ##     ##  ##   ##  ##       ##
     ######    ##  ########  ######   ########  #########  ######  ######
     ##        ##  ##    ##  ##       ##     ## ##     ##       ## ##
     ##       #### ##     ## ######## ########  ##     ##  ######  ########

You're about to initialize a Firebase project in this directory:

  /Users/yilingcui/Desktop/REACT FIREBASE TODO APP/todo_app

[info] 
=== Project Setup
[info] 
[info] First, let's associate this project directory with a Firebase project.
[info] You can create multiple project aliases by running firebase use --add, 
[info] but for now we'll just set up a default project.
[info] 
[debug] [2020-11-01T17:24:22.394Z] >>> HTTP REQUEST GET https://firebase.googleapis.com/v1beta1/projects?pageSize=100  
 
[debug] [2020-11-01T17:24:22.873Z] <<< HTTP RESPONSE 200 {"content-type":"application/json; charset=UTF-8","vary":"X-Origin, Referer, Origin,Accept-Encoding","date":"Sun, 01 Nov 2020 17:24:22 GMT","server":"ESF","cache-control":"private","x-xss-protection":"0","x-frame-options":"SAMEORIGIN","x-content-type-options":"nosniff","alt-svc":"h3-Q050=\":443\"; ma=2592000,h3-29=\":443\"; ma=2592000,h3-T051=\":443\"; ma=2592000,h3-T050=\":443\"; ma=2592000,h3-Q046=\":443\"; ma=2592000,h3-Q043=\":443\"; ma=2592000,quic=\":443\"; ma=2592000; v=\"46,43\"","accept-ranges":"none","transfer-encoding":"chunked"}
[info] i  Using project todo-app-cp-b8a74 (todo-app-cp) 
[info] 
=== Hosting Setup
[info] 
[info] Your public directory is the folder (relative to your project directory) that
[info] will contain Hosting assets to be uploaded with firebase deploy. If you
[info] have a build process for your assets, use your build's output directory.
[info] 
[debug] [2020-11-01T17:24:35.610Z] >>> HTTP REQUEST GET https://www.gstatic.com/firebasejs/releases.json  
 
[debug] [2020-11-01T17:24:35.701Z] <<< HTTP RESPONSE 200 {"accept-ranges":"bytes","vary":"Accept-Encoding, Origin","content-type":"application/json","content-length":"1411","date":"Sun, 01 Nov 2020 17:24:35 GMT","expires":"Sun, 01 Nov 2020 18:14:35 GMT","cache-control":"public, max-age=3000","last-modified":"Mon, 26 Oct 2020 20:17:36 GMT","x-content-type-options":"nosniff","server":"sffe","x-xss-protection":"0","alt-svc":"h3-Q050=\":443\"; ma=2592000,h3-29=\":443\"; ma=2592000,h3-T051=\":443\"; ma=2592000,h3-T050=\":443\"; ma=2592000,h3-Q046=\":443\"; ma=2592000,h3-Q043=\":443\"; ma=2592000,quic=\":443\"; ma=2592000; v=\"46,43\""}
[debug] [2020-11-01T17:24:35.779Z] Error: ENOTDIR: not a directory, open '/Users/yilingcui/Desktop/REACT FIREBASE TODO APP/todo_app/build/index.html'
    at Object.openSync (fs.js:439:3)
    at Object.writeFileSync (fs.js:1190:35)
    at Object.createFileSync (/Users/yilingcui/.nvm/versions/node/v10.15.0/lib/node_modules/firebase-tools/node_modules/fs-extra/lib/ensure/file.js:34:6)
    at Config.writeProjectFile (/Users/yilingcui/.nvm/versions/node/v10.15.0/lib/node_modules/firebase-tools/lib/config.js:155:8)
    at /Users/yilingcui/.nvm/versions/node/v10.15.0/lib/node_modules/firebase-tools/lib/config.js:174:18
    at process._tickCallback (internal/process/next_tick.js:68:7)
[error] 
[error] Error: An unexpected error has occurred.
